  PlayingState.cpp
C:\Users\nivuc\source\repos\raycasting-3d-shooter\raycasting-3d-shooter\Source\PlayingState.cpp(115,30): warning C4244: 'argument': conversion from 'size_t' to 'T', possible loss of data
C:\Users\nivuc\source\repos\raycasting-3d-shooter\raycasting-3d-shooter\Source\PlayingState.cpp(115,30): warning C4244:         with
C:\Users\nivuc\source\repos\raycasting-3d-shooter\raycasting-3d-shooter\Source\PlayingState.cpp(115,30): warning C4244:         [
C:\Users\nivuc\source\repos\raycasting-3d-shooter\raycasting-3d-shooter\Source\PlayingState.cpp(115,30): warning C4244:             T=float
C:\Users\nivuc\source\repos\raycasting-3d-shooter\raycasting-3d-shooter\Source\PlayingState.cpp(115,30): warning C4244:         ]
C:\Users\nivuc\source\repos\raycasting-3d-shooter\raycasting-3d-shooter\Source\PlayingState.cpp(116,30): warning C4244: 'argument': conversion from 'size_t' to 'T', possible loss of data
C:\Users\nivuc\source\repos\raycasting-3d-shooter\raycasting-3d-shooter\Source\PlayingState.cpp(116,30): warning C4244:         with
C:\Users\nivuc\source\repos\raycasting-3d-shooter\raycasting-3d-shooter\Source\PlayingState.cpp(116,30): warning C4244:         [
C:\Users\nivuc\source\repos\raycasting-3d-shooter\raycasting-3d-shooter\Source\PlayingState.cpp(116,30): warning C4244:             T=float
C:\Users\nivuc\source\repos\raycasting-3d-shooter\raycasting-3d-shooter\Source\PlayingState.cpp(116,30): warning C4244:         ]
C:\Users\nivuc\source\repos\raycasting-3d-shooter\raycasting-3d-shooter\Source\PlayingState.cpp(122,33): warning C4244: 'argument': conversion from 'size_t' to 'T', possible loss of data
C:\Users\nivuc\source\repos\raycasting-3d-shooter\raycasting-3d-shooter\Source\PlayingState.cpp(122,33): warning C4244:         with
C:\Users\nivuc\source\repos\raycasting-3d-shooter\raycasting-3d-shooter\Source\PlayingState.cpp(122,33): warning C4244:         [
C:\Users\nivuc\source\repos\raycasting-3d-shooter\raycasting-3d-shooter\Source\PlayingState.cpp(122,33): warning C4244:             T=float
C:\Users\nivuc\source\repos\raycasting-3d-shooter\raycasting-3d-shooter\Source\PlayingState.cpp(122,33): warning C4244:         ]
C:\Users\nivuc\source\repos\raycasting-3d-shooter\raycasting-3d-shooter\Source\PlayingState.cpp(123,35): warning C4244: 'argument': conversion from 'size_t' to 'T', possible loss of data
C:\Users\nivuc\source\repos\raycasting-3d-shooter\raycasting-3d-shooter\Source\PlayingState.cpp(123,35): warning C4244:         with
C:\Users\nivuc\source\repos\raycasting-3d-shooter\raycasting-3d-shooter\Source\PlayingState.cpp(123,35): warning C4244:         [
C:\Users\nivuc\source\repos\raycasting-3d-shooter\raycasting-3d-shooter\Source\PlayingState.cpp(123,35): warning C4244:             T=float
C:\Users\nivuc\source\repos\raycasting-3d-shooter\raycasting-3d-shooter\Source\PlayingState.cpp(123,35): warning C4244:         ]
C:\Users\nivuc\source\repos\raycasting-3d-shooter\raycasting-3d-shooter\Source\PlayingState.cpp(140,96): warning C4244: 'argument': conversion from 'float' to 'T', possible loss of data
C:\Users\nivuc\source\repos\raycasting-3d-shooter\raycasting-3d-shooter\Source\PlayingState.cpp(140,96): warning C4244:         with
C:\Users\nivuc\source\repos\raycasting-3d-shooter\raycasting-3d-shooter\Source\PlayingState.cpp(140,96): warning C4244:         [
C:\Users\nivuc\source\repos\raycasting-3d-shooter\raycasting-3d-shooter\Source\PlayingState.cpp(140,96): warning C4244:             T=int
C:\Users\nivuc\source\repos\raycasting-3d-shooter\raycasting-3d-shooter\Source\PlayingState.cpp(140,96): warning C4244:         ]
C:\Users\nivuc\source\repos\raycasting-3d-shooter\raycasting-3d-shooter\Source\PlayingState.cpp(140,42): warning C4244: 'argument': conversion from 'float' to 'T', possible loss of data
C:\Users\nivuc\source\repos\raycasting-3d-shooter\raycasting-3d-shooter\Source\PlayingState.cpp(140,42): warning C4244:         with
C:\Users\nivuc\source\repos\raycasting-3d-shooter\raycasting-3d-shooter\Source\PlayingState.cpp(140,42): warning C4244:         [
C:\Users\nivuc\source\repos\raycasting-3d-shooter\raycasting-3d-shooter\Source\PlayingState.cpp(140,42): warning C4244:             T=int
C:\Users\nivuc\source\repos\raycasting-3d-shooter\raycasting-3d-shooter\Source\PlayingState.cpp(140,42): warning C4244:         ]
C:\Users\nivuc\source\repos\raycasting-3d-shooter\raycasting-3d-shooter\Source\PlayingState.cpp(158,32): warning C4018: '<': signed/unsigned mismatch
C:\Users\nivuc\source\repos\raycasting-3d-shooter\raycasting-3d-shooter\Source\PlayingState.cpp(159,33): warning C4018: '<': signed/unsigned mismatch
C:\Users\nivuc\source\repos\raycasting-3d-shooter\raycasting-3d-shooter\Source\PlayingState.cpp(163,67): warning C4244: 'argument': conversion from 'size_t' to 'T', possible loss of data
C:\Users\nivuc\source\repos\raycasting-3d-shooter\raycasting-3d-shooter\Source\PlayingState.cpp(163,67): warning C4244:         with
C:\Users\nivuc\source\repos\raycasting-3d-shooter\raycasting-3d-shooter\Source\PlayingState.cpp(163,67): warning C4244:         [
C:\Users\nivuc\source\repos\raycasting-3d-shooter\raycasting-3d-shooter\Source\PlayingState.cpp(163,67): warning C4244:             T=float
C:\Users\nivuc\source\repos\raycasting-3d-shooter\raycasting-3d-shooter\Source\PlayingState.cpp(163,67): warning C4244:         ]
C:\Users\nivuc\source\repos\raycasting-3d-shooter\raycasting-3d-shooter\Source\PlayingState.cpp(163,49): warning C4244: 'argument': conversion from 'size_t' to 'T', possible loss of data
C:\Users\nivuc\source\repos\raycasting-3d-shooter\raycasting-3d-shooter\Source\PlayingState.cpp(163,49): warning C4244:         with
C:\Users\nivuc\source\repos\raycasting-3d-shooter\raycasting-3d-shooter\Source\PlayingState.cpp(163,49): warning C4244:         [
C:\Users\nivuc\source\repos\raycasting-3d-shooter\raycasting-3d-shooter\Source\PlayingState.cpp(163,49): warning C4244:             T=float
C:\Users\nivuc\source\repos\raycasting-3d-shooter\raycasting-3d-shooter\Source\PlayingState.cpp(163,49): warning C4244:         ]
C:\Users\nivuc\source\repos\raycasting-3d-shooter\raycasting-3d-shooter\Source\PlayingState.cpp(164,73): warning C4244: 'argument': conversion from 'size_t' to 'T', possible loss of data
C:\Users\nivuc\source\repos\raycasting-3d-shooter\raycasting-3d-shooter\Source\PlayingState.cpp(164,73): warning C4244:         with
C:\Users\nivuc\source\repos\raycasting-3d-shooter\raycasting-3d-shooter\Source\PlayingState.cpp(164,73): warning C4244:         [
C:\Users\nivuc\source\repos\raycasting-3d-shooter\raycasting-3d-shooter\Source\PlayingState.cpp(164,73): warning C4244:             T=float
C:\Users\nivuc\source\repos\raycasting-3d-shooter\raycasting-3d-shooter\Source\PlayingState.cpp(164,73): warning C4244:         ]
C:\Users\nivuc\source\repos\raycasting-3d-shooter\raycasting-3d-shooter\Source\PlayingState.cpp(164,55): warning C4244: 'argument': conversion from 'size_t' to 'T', possible loss of data
C:\Users\nivuc\source\repos\raycasting-3d-shooter\raycasting-3d-shooter\Source\PlayingState.cpp(164,55): warning C4244:         with
C:\Users\nivuc\source\repos\raycasting-3d-shooter\raycasting-3d-shooter\Source\PlayingState.cpp(164,55): warning C4244:         [
C:\Users\nivuc\source\repos\raycasting-3d-shooter\raycasting-3d-shooter\Source\PlayingState.cpp(164,55): warning C4244:             T=float
C:\Users\nivuc\source\repos\raycasting-3d-shooter\raycasting-3d-shooter\Source\PlayingState.cpp(164,55): warning C4244:         ]
C:\Users\nivuc\source\repos\raycasting-3d-shooter\raycasting-3d-shooter\Source\PlayingState.cpp(165,79): warning C4244: 'argument': conversion from 'size_t' to 'T', possible loss of data
C:\Users\nivuc\source\repos\raycasting-3d-shooter\raycasting-3d-shooter\Source\PlayingState.cpp(165,79): warning C4244:         with
C:\Users\nivuc\source\repos\raycasting-3d-shooter\raycasting-3d-shooter\Source\PlayingState.cpp(165,79): warning C4244:         [
C:\Users\nivuc\source\repos\raycasting-3d-shooter\raycasting-3d-shooter\Source\PlayingState.cpp(165,79): warning C4244:             T=float
C:\Users\nivuc\source\repos\raycasting-3d-shooter\raycasting-3d-shooter\Source\PlayingState.cpp(165,79): warning C4244:         ]
C:\Users\nivuc\source\repos\raycasting-3d-shooter\raycasting-3d-shooter\Source\PlayingState.cpp(165,55): warning C4244: 'argument': conversion from 'size_t' to 'T', possible loss of data
C:\Users\nivuc\source\repos\raycasting-3d-shooter\raycasting-3d-shooter\Source\PlayingState.cpp(165,55): warning C4244:         with
C:\Users\nivuc\source\repos\raycasting-3d-shooter\raycasting-3d-shooter\Source\PlayingState.cpp(165,55): warning C4244:         [
C:\Users\nivuc\source\repos\raycasting-3d-shooter\raycasting-3d-shooter\Source\PlayingState.cpp(165,55): warning C4244:             T=float
C:\Users\nivuc\source\repos\raycasting-3d-shooter\raycasting-3d-shooter\Source\PlayingState.cpp(165,55): warning C4244:         ]
C:\Users\nivuc\source\repos\raycasting-3d-shooter\raycasting-3d-shooter\Source\PlayingState.cpp(166,73): warning C4244: 'argument': conversion from 'size_t' to 'T', possible loss of data
C:\Users\nivuc\source\repos\raycasting-3d-shooter\raycasting-3d-shooter\Source\PlayingState.cpp(166,73): warning C4244:         with
C:\Users\nivuc\source\repos\raycasting-3d-shooter\raycasting-3d-shooter\Source\PlayingState.cpp(166,73): warning C4244:         [
C:\Users\nivuc\source\repos\raycasting-3d-shooter\raycasting-3d-shooter\Source\PlayingState.cpp(166,73): warning C4244:             T=float
C:\Users\nivuc\source\repos\raycasting-3d-shooter\raycasting-3d-shooter\Source\PlayingState.cpp(166,73): warning C4244:         ]
C:\Users\nivuc\source\repos\raycasting-3d-shooter\raycasting-3d-shooter\Source\PlayingState.cpp(166,49): warning C4244: 'argument': conversion from 'size_t' to 'T', possible loss of data
C:\Users\nivuc\source\repos\raycasting-3d-shooter\raycasting-3d-shooter\Source\PlayingState.cpp(166,49): warning C4244:         with
C:\Users\nivuc\source\repos\raycasting-3d-shooter\raycasting-3d-shooter\Source\PlayingState.cpp(166,49): warning C4244:         [
C:\Users\nivuc\source\repos\raycasting-3d-shooter\raycasting-3d-shooter\Source\PlayingState.cpp(166,49): warning C4244:             T=float
C:\Users\nivuc\source\repos\raycasting-3d-shooter\raycasting-3d-shooter\Source\PlayingState.cpp(166,49): warning C4244:         ]
C:\Users\nivuc\source\repos\raycasting-3d-shooter\raycasting-3d-shooter\Source\PlayingState.cpp(196,36): warning C4244: 'argument': conversion from 'size_t' to 'T', possible loss of data
C:\Users\nivuc\source\repos\raycasting-3d-shooter\raycasting-3d-shooter\Source\PlayingState.cpp(196,36): warning C4244:         with
C:\Users\nivuc\source\repos\raycasting-3d-shooter\raycasting-3d-shooter\Source\PlayingState.cpp(196,36): warning C4244:         [
C:\Users\nivuc\source\repos\raycasting-3d-shooter\raycasting-3d-shooter\Source\PlayingState.cpp(196,36): warning C4244:             T=float
C:\Users\nivuc\source\repos\raycasting-3d-shooter\raycasting-3d-shooter\Source\PlayingState.cpp(196,36): warning C4244:         ]
C:\Users\nivuc\source\repos\raycasting-3d-shooter\raycasting-3d-shooter\Source\PlayingState.cpp(197,36): warning C4244: 'argument': conversion from 'size_t' to 'T', possible loss of data
C:\Users\nivuc\source\repos\raycasting-3d-shooter\raycasting-3d-shooter\Source\PlayingState.cpp(197,36): warning C4244:         with
C:\Users\nivuc\source\repos\raycasting-3d-shooter\raycasting-3d-shooter\Source\PlayingState.cpp(197,36): warning C4244:         [
C:\Users\nivuc\source\repos\raycasting-3d-shooter\raycasting-3d-shooter\Source\PlayingState.cpp(197,36): warning C4244:             T=float
C:\Users\nivuc\source\repos\raycasting-3d-shooter\raycasting-3d-shooter\Source\PlayingState.cpp(197,36): warning C4244:         ]
C:\Users\nivuc\source\repos\raycasting-3d-shooter\raycasting-3d-shooter\Source\PlayingState.cpp(202,49): warning C4244: 'argument': conversion from 'float' to 'sf::Uint8', possible loss of data
C:\Users\nivuc\source\repos\raycasting-3d-shooter\raycasting-3d-shooter\Source\PlayingState.cpp(203,49): warning C4244: 'argument': conversion from 'float' to 'sf::Uint8', possible loss of data
C:\Users\nivuc\source\repos\raycasting-3d-shooter\raycasting-3d-shooter\Source\PlayingState.cpp(223,47): warning C4244: 'argument': conversion from 'float' to 'size_t', possible loss of data
C:\Users\nivuc\source\repos\raycasting-3d-shooter\raycasting-3d-shooter\Source\PlayingState.cpp(238,37): warning C4244: 'argument': conversion from 'size_t' to 'T', possible loss of data
C:\Users\nivuc\source\repos\raycasting-3d-shooter\raycasting-3d-shooter\Source\PlayingState.cpp(238,37): warning C4244:         with
C:\Users\nivuc\source\repos\raycasting-3d-shooter\raycasting-3d-shooter\Source\PlayingState.cpp(238,37): warning C4244:         [
C:\Users\nivuc\source\repos\raycasting-3d-shooter\raycasting-3d-shooter\Source\PlayingState.cpp(238,37): warning C4244:             T=float
C:\Users\nivuc\source\repos\raycasting-3d-shooter\raycasting-3d-shooter\Source\PlayingState.cpp(238,37): warning C4244:         ]
C:\Users\nivuc\source\repos\raycasting-3d-shooter\raycasting-3d-shooter\Source\PlayingState.cpp(239,59): warning C4244: 'argument': conversion from 'int' to 'T', possible loss of data
C:\Users\nivuc\source\repos\raycasting-3d-shooter\raycasting-3d-shooter\Source\PlayingState.cpp(239,59): warning C4244:         with
C:\Users\nivuc\source\repos\raycasting-3d-shooter\raycasting-3d-shooter\Source\PlayingState.cpp(239,59): warning C4244:         [
C:\Users\nivuc\source\repos\raycasting-3d-shooter\raycasting-3d-shooter\Source\PlayingState.cpp(239,59): warning C4244:             T=float
C:\Users\nivuc\source\repos\raycasting-3d-shooter\raycasting-3d-shooter\Source\PlayingState.cpp(239,59): warning C4244:         ]
C:\Users\nivuc\source\repos\raycasting-3d-shooter\raycasting-3d-shooter\Source\PlayingState.cpp(239,45): warning C4244: 'argument': conversion from 'int' to 'T', possible loss of data
C:\Users\nivuc\source\repos\raycasting-3d-shooter\raycasting-3d-shooter\Source\PlayingState.cpp(239,45): warning C4244:         with
C:\Users\nivuc\source\repos\raycasting-3d-shooter\raycasting-3d-shooter\Source\PlayingState.cpp(239,45): warning C4244:         [
C:\Users\nivuc\source\repos\raycasting-3d-shooter\raycasting-3d-shooter\Source\PlayingState.cpp(239,45): warning C4244:             T=float
C:\Users\nivuc\source\repos\raycasting-3d-shooter\raycasting-3d-shooter\Source\PlayingState.cpp(239,45): warning C4244:         ]
C:\Users\nivuc\source\repos\raycasting-3d-shooter\raycasting-3d-shooter\Source\PlayingState.cpp(240,56): warning C4244: 'argument': conversion from 'float' to 'sf::Uint8', possible loss of data
C:\Users\nivuc\source\repos\raycasting-3d-shooter\raycasting-3d-shooter\Source\PlayingState.cpp(267,80): warning C4244: 'argument': conversion from 'float' to 'T', possible loss of data
C:\Users\nivuc\source\repos\raycasting-3d-shooter\raycasting-3d-shooter\Source\PlayingState.cpp(267,80): warning C4244:         with
C:\Users\nivuc\source\repos\raycasting-3d-shooter\raycasting-3d-shooter\Source\PlayingState.cpp(267,80): warning C4244:         [
C:\Users\nivuc\source\repos\raycasting-3d-shooter\raycasting-3d-shooter\Source\PlayingState.cpp(267,80): warning C4244:             T=int
C:\Users\nivuc\source\repos\raycasting-3d-shooter\raycasting-3d-shooter\Source\PlayingState.cpp(267,80): warning C4244:         ]
C:\Users\nivuc\source\repos\raycasting-3d-shooter\raycasting-3d-shooter\Source\PlayingState.cpp(267,35): warning C4244: 'argument': conversion from 'float' to 'T', possible loss of data
C:\Users\nivuc\source\repos\raycasting-3d-shooter\raycasting-3d-shooter\Source\PlayingState.cpp(267,35): warning C4244:         with
C:\Users\nivuc\source\repos\raycasting-3d-shooter\raycasting-3d-shooter\Source\PlayingState.cpp(267,35): warning C4244:         [
C:\Users\nivuc\source\repos\raycasting-3d-shooter\raycasting-3d-shooter\Source\PlayingState.cpp(267,35): warning C4244:             T=int
C:\Users\nivuc\source\repos\raycasting-3d-shooter\raycasting-3d-shooter\Source\PlayingState.cpp(267,35): warning C4244:         ]
C:\Users\nivuc\source\repos\raycasting-3d-shooter\raycasting-3d-shooter\Source\PlayingState.cpp(279,84): warning C4244: 'argument': conversion from 'float' to 'T', possible loss of data
C:\Users\nivuc\source\repos\raycasting-3d-shooter\raycasting-3d-shooter\Source\PlayingState.cpp(279,84): warning C4244:         with
C:\Users\nivuc\source\repos\raycasting-3d-shooter\raycasting-3d-shooter\Source\PlayingState.cpp(279,84): warning C4244:         [
C:\Users\nivuc\source\repos\raycasting-3d-shooter\raycasting-3d-shooter\Source\PlayingState.cpp(279,84): warning C4244:             T=int
C:\Users\nivuc\source\repos\raycasting-3d-shooter\raycasting-3d-shooter\Source\PlayingState.cpp(279,84): warning C4244:         ]
C:\Users\nivuc\source\repos\raycasting-3d-shooter\raycasting-3d-shooter\Source\PlayingState.cpp(279,52): warning C4244: 'argument': conversion from 'float' to 'T', possible loss of data
C:\Users\nivuc\source\repos\raycasting-3d-shooter\raycasting-3d-shooter\Source\PlayingState.cpp(279,52): warning C4244:         with
C:\Users\nivuc\source\repos\raycasting-3d-shooter\raycasting-3d-shooter\Source\PlayingState.cpp(279,52): warning C4244:         [
C:\Users\nivuc\source\repos\raycasting-3d-shooter\raycasting-3d-shooter\Source\PlayingState.cpp(279,52): warning C4244:             T=int
C:\Users\nivuc\source\repos\raycasting-3d-shooter\raycasting-3d-shooter\Source\PlayingState.cpp(279,52): warning C4244:         ]
C:\Users\nivuc\source\repos\raycasting-3d-shooter\raycasting-3d-shooter\Source\PlayingState.cpp(298,11): warning C4244: 'initializing': conversion from 'float' to 'int', possible loss of data
C:\Users\nivuc\source\repos\raycasting-3d-shooter\raycasting-3d-shooter\Source\PlayingState.cpp(299,11): warning C4244: 'initializing': conversion from 'float' to 'int', possible loss of data
C:\Users\nivuc\source\repos\raycasting-3d-shooter\raycasting-3d-shooter\Source\PlayingState.cpp(452,37): warning C4244: 'argument': conversion from 'float' to 'const unsigned int', possible loss of data
C:\Users\nivuc\source\repos\raycasting-3d-shooter\raycasting-3d-shooter\Source\PlayingState.cpp(452,65): warning C4244: 'argument': conversion from 'float' to 'const unsigned int', possible loss of data
  Generating code
  2 of 237 functions ( 0.8%) were compiled, the rest were copied from previous compilation.
    0 functions were new in current compilation
    1 functions had inline decision re-evaluated but remain unchanged
  Finished generating code
  raycasting-3d-shooter.vcxproj -> C:\Users\nivuc\source\repos\raycasting-3d-shooter\Release\raycasting-3d-shooter.exe
